[2025-07-16 14:12:14] Microservicio conectandose al server de redis en "127.0.0.1:4000"
[2025-07-16 14:12:14] Microservicio envia "Microservicio\r\n"
[2025-07-16 14:12:14] Documento recibido: notas.txt con 56 líneas del stream 127.0.0.1:4001
[2025-07-16 14:12:14] Documento recibido: doc1.txt con 64 líneas del stream 127.0.0.1:4001
[2025-07-16 14:12:14] Enviando comandos SET para persistir 2 documentos
[2025-07-16 14:12:14] Documento recibido: cuentas.xlsx con 603 líneas del stream 127.0.0.1:4002
[2025-07-16 14:12:17] Enviando comandos SET para persistir 3 documentos
[2025-07-16 14:12:20] Enviando comandos SET para persistir 3 documentos
[2025-07-16 14:12:23] Enviando comandos SET para persistir 3 documentos
[2025-07-16 14:12:26] Enviando comandos SET para persistir 3 documentos
[2025-07-16 14:12:29] Enviando comandos SET para persistir 3 documentos
[2025-07-16 14:12:32] Enviando comandos SET para persistir 3 documentos
[2025-07-16 14:12:35] Enviando comandos SET para persistir 3 documentos
[2025-07-16 14:12:38] Enviando comandos SET para persistir 3 documentos
[2025-07-16 14:12:38] Enviando comandos SET para persistir 3 documentos
[2025-07-16 14:12:41] Enviando comandos SET para persistir 3 documentos
[2025-07-16 14:12:44] Enviando comandos SET para persistir 3 documentos
[2025-07-16 14:12:47] Enviando comandos SET para persistir 3 documentos
[2025-07-16 14:12:50] Enviando comandos SET para persistir 3 documentos
[2025-07-16 14:12:53] Enviando comandos SET para persistir 3 documentos
[2025-07-16 14:12:56] Enviando comandos SET para persistir 3 documentos
[2025-07-16 14:12:59] Enviando comandos SET para persistir 3 documentos
[2025-07-16 14:13:02] Enviando comandos SET para persistir 3 documentos
[2025-07-16 14:13:03] Enviando publish para client-subscribed: *3
$7
publish
$12
cuentas.xlsx
$230
*4
$6
status
$12
cuentas.xlsx
$15
127.0.0.1:39874
$165
cuentas.xlsx/++/1,2,3,,,,,,,,,,,,,,,,,,,,,,,,,,,,,,,,,,,,,,,,,,,,,,,,,,,,,,,,,,,,,,,,,,,,,,,,,,,,,,,,,,,,,,,,,,,,,,,,,,,,,,,,,,,,,,,,,,,,,,,,,,,,,,,,,,,,,,,,,,,,,,,,


[2025-07-16 14:13:03] Enviando publish para client-subscribed: *3
$7
publish
$12
cuentas.xlsx
$230
*4
$6
status
$12
cuentas.xlsx
$15
127.0.0.1:39874
$165
cuentas.xlsx/++/1,2,3,,,,,,,,,,,,,,,,,,,,,,,,,,,,,,,,,,,,,,,,,,,,,,,,,,,,,,,,,,,,,,,,,,,,,,,,,,,,,,,,,,,,,,,,,,,,,,,,,,,,,,,,,,,,,,,,,,,,,,,,,,,,,,,,,,,,,,,,,,,,,,,,


[2025-07-16 14:13:03] Enviando publish para client-subscribed: *3
$7
publish
$12
cuentas.xlsx
$230
*4
$6
status
$12
cuentas.xlsx
$15
127.0.0.1:39874
$165
cuentas.xlsx/++/1,2,3,,,,,,,,,,,,,,,,,,,,,,,,,,,,,,,,,,,,,,,,,,,,,,,,,,,,,,,,,,,,,,,,,,,,,,,,,,,,,,,,,,,,,,,,,,,,,,,,,,,,,,,,,,,,,,,,,,,,,,,,,,,,,,,,,,,,,,,,,,,,,,,,


[2025-07-16 14:13:03] Enviando publish para client-subscribed: *3
$7
publish
$12
cuentas.xlsx
$230
*4
$6
status
$12
cuentas.xlsx
$15
127.0.0.1:39874
$165
cuentas.xlsx/++/1,2,3,,,,,,,,,,,,,,,,,,,,,,,,,,,,,,,,,,,,,,,,,,,,,,,,,,,,,,,,,,,,,,,,,,,,,,,,,,,,,,,,,,,,,,,,,,,,,,,,,,,,,,,,,,,,,,,,,,,,,,,,,,,,,,,,,,,,,,,,,,,,,,,,


[2025-07-16 14:13:05] Enviando comandos SET para persistir 3 documentos
[2025-07-16 14:13:06] Enviando comandos SET para persistir 3 documentos
[2025-07-16 14:13:09] Enviando comandos SET para persistir 3 documentos
[2025-07-16 14:13:12] Enviando comandos SET para persistir 3 documentos
[2025-07-16 14:13:13] Enviando publish para client-subscribed: *3
$7
publish
$12
cuentas.xlsx
$230
*4
$6
status
$12
cuentas.xlsx
$15
127.0.0.1:39874
$165
cuentas.xlsx/++/1,2,3,,,,,,,,,,,,,,,,,,,,,,,,,,,,,,,,,,,,,,,,,,,,,,,,,,,,,,,,,,,,,,,,,,,,,,,,,,,,,,,,,,,,,,,,,,,,,,,,,,,,,,,,,,,,,,,,,,,,,,,,,,,,,,,,,,,,,,,,,,,,,,,,


[2025-07-16 14:13:13] Enviando publish para client-subscribed: *3
$7
publish
$12
cuentas.xlsx
$230
*4
$6
status
$12
cuentas.xlsx
$15
127.0.0.1:39874
$165
cuentas.xlsx/++/1,2,3,,,,,,,,,,,,,,,,,,,,,,,,,,,,,,,,,,,,,,,,,,,,,,,,,,,,,,,,,,,,,,,,,,,,,,,,,,,,,,,,,,,,,,,,,,,,,,,,,,,,,,,,,,,,,,,,,,,,,,,,,,,,,,,,,,,,,,,,,,,,,,,,


[2025-07-16 14:13:15] Enviando comandos SET para persistir 3 documentos
[2025-07-16 14:13:16] Write recibido: índice 0, contenido '1', archivo cuentas.xlsx
[2025-07-16 14:13:18] Enviando comandos SET para persistir 3 documentos
[2025-07-16 14:13:19] Enviando publish para client-subscribed: *3
$7
publish
$12
cuentas.xlsx
$214
*4
$6
status
$12
cuentas.xlsx
$15
127.0.0.1:39874
$149
1,2,3,,,,,,,,,,,,,,,,,,,,,,,,,,,,,,,,,,,,,,,,,,,,,,,,,,,,,,,,,,,,,,,,,,,,,,,,,,,,,,,,,,,,,,,,,,,,,,,,,,,,,,,,,,,,,,,,,,,,,,,,,,,,,,,,,,,,,,,,,,,,,,,,


[2025-07-16 14:13:19] Enviando publish para client-subscribed: *3
$7
publish
$12
cuentas.xlsx
$214
*4
$6
status
$12
cuentas.xlsx
$15
127.0.0.1:39874
$149
1,2,3,,,,,,,,,,,,,,,,,,,,,,,,,,,,,,,,,,,,,,,,,,,,,,,,,,,,,,,,,,,,,,,,,,,,,,,,,,,,,,,,,,,,,,,,,,,,,,,,,,,,,,,,,,,,,,,,,,,,,,,,,,,,,,,,,,,,,,,,,,,,,,,,


[2025-07-16 14:13:21] Enviando comandos SET para persistir 3 documentos
[2025-07-16 14:13:22] Enviando publish para client-subscribed: *3
$7
publish
$8
doc1.txt
$116
*4
$6
status
$8
doc1.txt
$15
127.0.0.1:43328
$57
doc1.txt/++/estoy-en-doc1,escribiendo<space>en<space>doc1


[2025-07-16 14:13:22] Enviando publish para client-subscribed: *3
$7
publish
$8
doc1.txt
$116
*4
$6
status
$8
doc1.txt
$15
127.0.0.1:43328
$57
doc1.txt/++/estoy-en-doc1,escribiendo<space>en<space>doc1


[2025-07-16 14:13:24] Write recibido: índice 2, contenido '<delete>', archivo doc1.txt
[2025-07-16 14:13:24] Enviando comandos SET para persistir 3 documentos
[2025-07-16 14:13:27] Enviando comandos SET para persistir 3 documentos
[2025-07-16 14:13:29] Write recibido: índice 0, contenido 'holaaa', archivo doc1.txt
[2025-07-16 14:13:30] Enviando comandos SET para persistir 3 documentos
[2025-07-16 14:13:33] Enviando comandos SET para persistir 3 documentos
[2025-07-16 14:13:36] Enviando comandos SET para persistir 3 documentos
[2025-07-16 14:13:36] Write recibido: índice 1, contenido 'escribiendo<space>en<space>doc1', archivo doc1.txt
[2025-07-16 14:13:36] Write recibido: índice 3, contenido '<delete>', archivo doc1.txt
[2025-07-16 14:13:37] Write recibido: índice 4, contenido '<delete>', archivo doc1.txt
[2025-07-16 14:13:37] Enviando comandos SET para persistir 3 documentos
[2025-07-16 14:13:40] Enviando comandos SET para persistir 3 documentos
[2025-08-04 00:29:39] Microservicio conectandose al server de redis en "node0:4000"
[2025-08-04 00:29:39] Microservicio envia "Microservicio\r\n"
[2025-08-04 00:29:39] Document recibido: lm_prueba.txt con 1204 líneas del stream 0.0.0.0:4000
[2025-08-04 00:29:39] Document recibido: prueba.txt con 58 líneas del stream 0.0.0.0:4000
[2025-08-04 00:29:39] Microservicio envia "node8:4008"
[2025-08-04 00:29:39] Microservicio envia "node7:4007"
[2025-08-04 00:29:39] Microservicio envia "node6:4006"
[2025-08-04 00:29:39] Document recibido: doc1.txt con 92 líneas del stream 0.0.0.0:4006
[2025-08-04 00:29:39] Microservicio envia "node5:4005"
[2025-08-04 00:29:39] Document recibido: doc1.txt con 92 líneas del stream 0.0.0.0:4005
[2025-08-04 00:29:39] Microservicio envia "node4:4004"
[2025-08-04 00:29:39] Document recibido: prueba.txt con 58 líneas del stream 0.0.0.0:4004
[2025-08-04 00:29:39] Document recibido: lm_prueba.txt con 1204 líneas del stream 0.0.0.0:4004
[2025-08-04 00:29:39] Microservicio envia "node3:4003"
[2025-08-04 00:29:39] Document recibido: lm_prueba.txt con 1204 líneas del stream 0.0.0.0:4003
[2025-08-04 00:29:39] Document recibido: prueba.txt con 58 líneas del stream 0.0.0.0:4003
[2025-08-04 00:29:39] Microservicio envia "node2:4002"
[2025-08-04 00:29:39] Microservicio envia "node1:4001"
[2025-08-04 00:29:39] Enviando comandos SET para persistir 3 documentos
[2025-08-04 00:29:39] Document recibido: doc1.txt con 92 líneas del stream 0.0.0.0:4001
[2025-08-04 00:29:42] Enviando comandos SET para persistir 3 documentos
[2025-08-04 00:29:45] Enviando comandos SET para persistir 3 documentos
[2025-08-04 00:29:48] Enviando comandos SET para persistir 3 documentos
[2025-08-04 00:29:51] Enviando comandos SET para persistir 3 documentos
[2025-08-04 00:29:54] Enviando comandos SET para persistir 3 documentos
